# JRE version: Java(TM) SE Runtime Environment (8.0_60-b27) (build 1.8.0_60-b27)
# Java VM: Java HotSpot(TM) 64-Bit Server VM (25.60-b23 mixed mode bsd-amd64 compressed oops)
Heap:
 PSYoungGen      total 155648K, used 6917K [0x00000007b5580000, 0x00000007c0000000, 0x00000007c0000000)
  eden space 137728K, 4% used [0x00000007b5580000,0x00000007b5b54db0,0x00000007bdc00000)
  from space 17920K, 5% used [0x00000007bee80000,0x00000007bef6c7e0,0x00000007c0000000)
  to   space 18432K, 0% used [0x00000007bdc00000,0x00000007bdc00000,0x00000007bee00000)
 ParOldGen       total 349696K, used 118974K [0x00000007a0000000, 0x00000007b5580000, 0x00000007b5580000)
  object space 349696K, 34% used [0x00000007a0000000,0x00000007a742fb38,0x00000007b5580000)
 Metaspace       used 34224K, capacity 34632K, committed 34944K, reserved 1079296K
  class space    used 4862K, capacity 4961K, committed 4992K, reserved 1048576K
GC Heap History (10 events):
Event: 48832.941 GC heap before
{Heap before GC invocations=50 (full 4):
 PSYoungGen      total 156672K, used 151567K [0x00000007b5580000, 0x00000007c0000000, 0x00000007c0000000)
  eden space 139264K, 100% used [0x00000007b5580000,0x00000007bdd80000,0x00000007bdd80000)
  from space 17408K, 70% used [0x00000007bdd80000,0x00000007be983db0,0x00000007bee80000)
  to   space 17920K, 0% used [0x00000007bee80000,0x00000007bee80000,0x00000007c0000000)
 ParOldGen       total 349696K, used 97554K [0x00000007a0000000, 0x00000007b5580000, 0x00000007b5580000)
  object space 349696K, 27% used [0x00000007a0000000,0x00000007a5f44908,0x00000007b5580000)
 Metaspace       used 34165K, capacity 34632K, committed 34944K, reserved 1079296K
  class space    used 4862K, capacity 4961K, committed 4992K, reserved 1048576K
Event: 48832.969 GC heap after
Heap after GC invocations=50 (full 4):
 PSYoungGen      total 155648K, used 12845K [0x00000007b5580000, 0x00000007c0000000, 0x00000007c0000000)
  eden space 137728K, 0% used [0x00000007b5580000,0x00000007b5580000,0x00000007bdc00000)
  from space 17920K, 71% used [0x00000007bee80000,0x00000007bfb0b598,0x00000007c0000000)
  to   space 18432K, 0% used [0x00000007bdc00000,0x00000007bdc00000,0x00000007bee00000)
 ParOldGen       total 349696K, used 103185K [0x00000007a0000000, 0x00000007b5580000, 0x00000007b5580000)
  object space 349696K, 29% used [0x00000007a0000000,0x00000007a64c4718,0x00000007b5580000)
 Metaspace       used 34165K, capacity 34632K, committed 34944K, reserved 1079296K
  class space    used 4862K, capacity 4961K, committed 4992K, reserved 1048576K
}
Event: 58436.946 GC heap before
{Heap before GC invocations=51 (full 4):
 PSYoungGen      total 155648K, used 147458K [0x00000007b5580000, 0x00000007c0000000, 0x00000007c0000000)
  eden space 137728K, 97% used [0x00000007b5580000,0x00000007bd8f53c8,0x00000007bdc00000)
  from space 17920K, 71% used [0x00000007bee80000,0x00000007bfb0b598,0x00000007c0000000)
  to   space 18432K, 0% used [0x00000007bdc00000,0x00000007bdc00000,0x00000007bee00000)
 ParOldGen       total 349696K, used 103185K [0x00000007a0000000, 0x00000007b5580000, 0x00000007b5580000)
  object space 349696K, 29% used [0x00000007a0000000,0x00000007a64c4718,0x00000007b5580000)
 Metaspace       used 34186K, capacity 34632K, committed 34944K, reserved 1079296K
  class space    used 4862K, capacity 4961K, committed 4992K, reserved 1048576K
Event: 58436.964 GC heap after
Heap after GC invocations=51 (full 4):
 PSYoungGen      total 156160K, used 10565K [0x00000007b5580000, 0x00000007c0000000, 0x00000007c0000000)
  eden space 137728K, 0% used [0x00000007b5580000,0x00000007b5580000,0x00000007bdc00000)
  from space 18432K, 57% used [0x00000007bdc00000,0x00000007be6514d0,0x00000007bee00000)
  to   space 17920K, 0% used [0x00000007bee80000,0x00000007bee80000,0x00000007c0000000)
 ParOldGen       total 349696K, used 103257K [0x00000007a0000000, 0x00000007b5580000, 0x00000007b5580000)
  object space 349696K, 29% used [0x00000007a0000000,0x00000007a64d6718,0x00000007b5580000)
 Metaspace       used 34186K, capacity 34632K, committed 34944K, reserved 1079296K
  class space    used 4862K, capacity 4961K, committed 4992K, reserved 1048576K
}
Event: 58451.331 GC heap before
{Heap before GC invocations=52 (full 4):
 PSYoungGen      total 156160K, used 143136K [0x00000007b5580000, 0x00000007c0000000, 0x00000007c0000000)
  eden space 137728K, 96% used [0x00000007b5580000,0x00000007bd6f6b60,0x00000007bdc00000)
  from space 18432K, 57% used [0x00000007bdc00000,0x00000007be6514d0,0x00000007bee00000)
  to   space 17920K, 0% used [0x00000007bee80000,0x00000007bee80000,0x00000007c0000000)
 ParOldGen       total 349696K, used 103257K [0x00000007a0000000, 0x00000007b5580000, 0x00000007b5580000)
  object space 349696K, 29% used [0x00000007a0000000,0x00000007a64d6718,0x00000007b5580000)
 Metaspace       used 34197K, capacity 34632K, committed 34944K, reserved 1079296K
  class space    used 4862K, capacity 4961K, committed 4992K, reserved 1048576K
Event: 58451.346 GC heap after
Heap after GC invocations=52 (full 4):
 PSYoungGen      total 156672K, used 3425K [0x00000007b5580000, 0x00000007c0000000, 0x00000007c0000000)
  eden space 138752K, 0% used [0x00000007b5580000,0x00000007b5580000,0x00000007bdd00000)
  from space 17920K, 19% used [0x00000007bee80000,0x00000007bf1d84b0,0x00000007c0000000)
  to   space 17920K, 0% used [0x00000007bdd00000,0x00000007bdd00000,0x00000007bee80000)
 ParOldGen       total 349696K, used 103305K [0x00000007a0000000, 0x00000007b5580000, 0x00000007b5580000)
  object space 349696K, 29% used [0x00000007a0000000,0x00000007a64e2718,0x00000007b5580000)
 Metaspace       used 34197K, capacity 34632K, committed 34944K, reserved 1079296K
  class space    used 4862K, capacity 4961K, committed 4992K, reserved 1048576K
}
Event: 58718.417 GC heap before
{Heap before GC invocations=53 (full 4):
 PSYoungGen      total 156672K, used 137745K [0x00000007b5580000, 0x00000007c0000000, 0x00000007c0000000)
  eden space 138752K, 96% used [0x00000007b5580000,0x00000007bd8ac2b0,0x00000007bdd00000)
  from space 17920K, 19% used [0x00000007bee80000,0x00000007bf1d84b0,0x00000007c0000000)
  to   space 17920K, 0% used [0x00000007bdd00000,0x00000007bdd00000,0x00000007bee80000)
 ParOldGen       total 349696K, used 103305K [0x00000007a0000000, 0x00000007b5580000, 0x00000007b5580000)
  object space 349696K, 29% used [0x00000007a0000000,0x00000007a64e2718,0x00000007b5580000)
 Metaspace       used 34209K, capacity 34632K, committed 34944K, reserved 1079296K
  class space    used 4862K, capacity 4961K, committed 4992K, reserved 1048576K
Event: 58718.444 GC heap after
Heap after GC invocations=53 (full 4):
 PSYoungGen      total 156672K, used 11283K [0x00000007b5580000, 0x00000007c0000000, 0x00000007c0000000)
  eden space 138752K, 0% used [0x00000007b5580000,0x00000007b5580000,0x00000007bdd00000)
  from space 17920K, 62% used [0x00000007bdd00000,0x00000007be804ec0,0x00000007bee80000)
  to   space 17920K, 0% used [0x00000007bee80000,0x00000007bee80000,0x00000007c0000000)
 ParOldGen       total 349696K, used 118918K [0x00000007a0000000, 0x00000007b5580000, 0x00000007b5580000)
  object space 349696K, 34% used [0x00000007a0000000,0x00000007a7421b38,0x00000007b5580000)
 Metaspace       used 34209K, capacity 34632K, committed 34944K, reserved 1079296K
  class space    used 4862K, capacity 4961K, committed 4992K, reserved 1048576K
}
Event: 62324.248 GC heap before
{Heap before GC invocations=54 (full 4):
 PSYoungGen      total 156672K, used 150035K [0x00000007b5580000, 0x00000007c0000000, 0x00000007c0000000)
  eden space 138752K, 100% used [0x00000007b5580000,0x00000007bdd00000,0x00000007bdd00000)
  from space 17920K, 62% used [0x00000007bdd00000,0x00000007be804ec0,0x00000007bee80000)
  to   space 17920K, 0% used [0x00000007bee80000,0x00000007bee80000,0x00000007c0000000)
 ParOldGen       total 349696K, used 118918K [0x00000007a0000000, 0x00000007b5580000, 0x00000007b5580000)
  object space 349696K, 34% used [0x00000007a0000000,0x00000007a7421b38,0x00000007b5580000)
 Metaspace       used 34224K, capacity 34632K, committed 34944K, reserved 1079296K
  class space    used 4862K, capacity 4961K, committed 4992K, reserved 1048576K
Event: 62324.273 GC heap after
Heap after GC invocations=54 (full 4):
 PSYoungGen      total 155648K, used 945K [0x00000007b5580000, 0x00000007c0000000, 0x00000007c0000000)
  eden space 137728K, 0% used [0x00000007b5580000,0x00000007b5580000,0x00000007bdc00000)
  from space 17920K, 5% used [0x00000007bee80000,0x00000007bef6c7e0,0x00000007c0000000)
  to   space 18432K, 0% used [0x00000007bdc00000,0x00000007bdc00000,0x00000007bee00000)
 ParOldGen       total 349696K, used 118974K [0x00000007a0000000, 0x00000007b5580000, 0x00000007b5580000)
  object space 349696K, 34% used [0x00000007a0000000,0x00000007a742fb38,0x00000007b5580000)
 Metaspace       used 34224K, capacity 34632K, committed 34944K, reserved 1079296K
  class space    used 4862K, capacity 4961K, committed 4992K, reserved 1048576K
}

